<?xml version="1.0" encoding="UTF-8"?>
<!-- Generated by org.testng.reporters.JUnitReportReporter -->
<testsuite hostname="DESKTOP-EBLQ19S" failures="0" tests="1" name="program.Program1" time="4.593" errors="0" timestamp="03 Oct 2024 17:45:55 GMT" skipped="0">
  <testcase classname="program.Program1" name="test" time="4.593"/>
</testsuite> <!-- program.Program1 -->
