<?xml version="1.0" encoding="UTF-8"?>
<!-- Generated by org.testng.reporters.JUnitReportReporter -->
<testsuite hostname="DESKTOP-A7U52L2" failures="0" tests="1" name="script.Login" time="27.372" errors="0" timestamp="03 Oct 2024 17:54:05 GMT" skipped="0">
  <testcase classname="script.Login" name="test" time="27.372"/>
</testsuite> <!-- script.Login -->
